         w __deregister_frame_info
         w __register_frame_info
         w __syscall_lock_close_recursive
         w userAppExit
         w userAppInit
00000000 00000802 B __ctru_dev_utf16_buf
00000000 b _TLS_MODULE_BASE_
00000000 a shift
00000000 a shift
00000804 00000401 B __ctru_dev_path_buf
00100000 A __start__
00100000 T _start
00100008 T __service_ptr
0010000c T __apt_appid
00100010 T __heap_size
00100014 T __linear_heap_size
00100018 T __system_arglist
0010001c T __system_runflags
00100020 t startup
00100058 t ClearMem
0010006c t ClrLoop
00100094 T _init
001000ac t .udivsi3_skip_div0_test
001000ac T __aeabi_uidiv
001000ac 000001ec T __udivsi3
00100298 00000020 T __aeabi_uidivmod
001002b8 T __aeabi_idiv
001002b8 00000220 T __divsi3
001002c0 t .divsi3_skip_div0_test
001004d8 00000020 T __aeabi_idivmod
001004f8 00000004 W __aeabi_idiv0
001004f8 00000004 W __aeabi_ldiv0
001004fc T __aeabi_ldivmod
001005d0 T __aeabi_uldivmod
00100628 00000390 T strcmp
001009b0 T __aeabi_drsub
001009b8 000002b0 T __aeabi_dsub
001009b8 000002b0 T __subdf3
001009bc 000002ac T __adddf3
001009bc 000002ac T __aeabi_dadd
00100c68 00000024 T __aeabi_ui2d
00100c68 00000024 T __floatunsidf
00100c8c 00000028 T __aeabi_i2d
00100c8c 00000028 T __floatsidf
00100cb4 00000048 T __aeabi_f2d
00100cb4 00000048 T __extendsfdf2
00100cfc 00000074 T __aeabi_ul2d
00100cfc 00000074 T __floatundidf
00100d10 00000060 T __aeabi_l2d
00100d10 00000060 T __floatdidf
00100d70 t __do_global_dtors_aux
00100db0 t frame_dummy
00100ddc 00000024 t ringInit.part.0
00100e00 00000024 t ringNext.part.0
00100e24 00000024 t ringPrev.part.0
00100e48 000000a0 T foodCollidesWithSnake
00100ee8 000000bc T snakeCollidesWithSnake
00100fa4 000000a4 T wouldBeOutOfBounds
00101048 00000158 T moveSnake
001011a0 00000090 T restart
00101230 00000080 T getDirection
001012b0 00000234 T drawSnake
001014e4 000000d8 T draw
001015bc 00000120 T update
001016dc 00000128 T init
00101804 00000094 T main
00101898 00000158 T SDL_InitSubSystem
001019f0 00000040 T SDL_Init
00101a30 0000009c T SDL_QuitSubSystem
00101acc 00000018 T SDL_Quit
00101ae4 000001b8 T SDL_SetError
00101c9c 00000014 T SDL_ClearError
00101cb0 00000058 T SDL_Error
00101d08 00000020 t SDL_Parachute
00101d28 0000004c T SDL_InstallParachute
00101d74 00000050 T SDL_UninstallParachute
00101dc4 00000030 t SDL_LockAudio_Default
00101df4 00000030 t SDL_UnlockAudio_Default
00101e24 000000ac T SDL_AudioQuit
00101ed0 00000104 T SDL_AudioInit
00101fd4 000000a8 T SDL_FirstAudioFormat
0010207c 00000054 T SDL_NextAudioFormat
001020d0 00000038 T SDL_CalculateAudioSpec
00102108 000000b8 t SDL_DelThread.part.0
001021c0 0000009c T SDL_GetErrBuf
0010225c 0000003c T SDL_RunThread
00102298 00000184 T SDL_CreateThread
0010241c 0000004c T SDL_WaitThread
00102468 00000004 t callback_wrapper
0010246c 0000008c t SDL_AddTimerInternal
001024f8 00000044 T SDL_SetTimerThreaded
0010253c 0000013c T SDL_ThreadedTimerCheck
00102678 00000154 T SDL_SetTimer
001027cc 00000068 T SDL_TimerQuit
00102834 00000098 T SDL_TimerInit
001028cc 0000005c t SDL_DitherColors.part.0
00102928 00000054 T SDL_FormatChanged
0010297c 00000040 T SDL_FreeFormat
001029bc 000004c4 T SDL_AllocFormat
00102e80 00000100 T SDL_ReallocFormat
00102f80 0000000c T SDL_DitherColors
00102f8c 00000054 T SDL_CalculatePitch
00102fe0 0000007c T SDL_FindColor
0010305c 000000a4 t Map1to1
00103100 00000058 t MapNto1.constprop.0.isra.0
00103158 00000064 T SDL_MapRGB
001031bc 0000005c T SDL_AllocBlitMap
00103218 00000034 T SDL_InvalidateMap
0010324c 00000320 T SDL_MapSurface
0010356c 00000038 T SDL_FreeBlitMap
001035a4 000000a4 T SDL_SetClipRect
00103648 00000120 T SDL_LowerBlit
00103768 00000094 T SDL_LockSurface
001037fc 00000064 T SDL_UnlockSurface
00103860 00000484 T SDL_FillRect
00103ce4 00000150 T SDL_FreeSurface
00103e34 00000294 T SDL_CreateRGBSurface
001040c8 00000090 t SDL_WM_GrabInputRaw
00104158 0000015c T SDL_VideoModeOK
001042b4 00000264 T SDL_UpdateRects
00104518 00000174 T SDL_Flip
0010468c 00000118 T SDL_VideoQuit
001047a4 0000021c T SDL_VideoInit
001049c0 00000068 T SDL_WM_GrabInput
00104a28 0000080c T SDL_SetVideoMode
00105234 000000c0 t SDL_JoystickClose.part.0
001052f4 00000068 T SDL_JoystickInit
0010535c 000000a0 T SDL_JoystickQuit
001053fc 0000009c T SDL_PrivateJoystickAxis
00105498 0000008c T SDL_PrivateJoystickHat
00105524 000000ac T SDL_PrivateJoystickButton
001055d0 0000003c T SDL_JoystickUpdate
0010560c 00000018 T SDL_StartTicks
00105624 00000068 T SDL_GetTicks
0010568c 00000010 T SDL_Delay
0010569c 00000008 T SDL_SYS_TimerInit
001056a4 00000004 T SDL_SYS_TimerQuit
001056a8 00000018 T SDL_SYS_StartTimer
001056c0 00000004 T SDL_SYS_StopTimer
001056c4 00000008 t N3DSAUD_Available
001056cc 0000000c t N3DSAUD_GetAudioBuf
001056d8 00000138 t N3DSAUD_CreateDevice
00105810 0000005c t N3DSAUD_DeleteDevice
0010586c 0000000c t N3DSAUD_UnlockAudio
00105878 0000000c t N3DSAUD_LockAudio
00105884 000000c4 t N3DSAUD_CloseAudio
00105948 00000074 t audioFrameFinished
001059bc 000000a8 t N3DSAUD_PlayAudio
00105a64 00000078 t N3DSAUD_WaitAudio
00105adc 00000268 t N3DSAUD_OpenAudio
00105d44 0000005c t N3DSAUD_DspHook
00105da0 00000014 T SDL_SYS_JoystickInit
00105db4 00000498 T SDL_SYS_JoystickUpdate
0010624c 00000004 T SDL_SYS_JoystickClose
00106250 00000004 T SDL_SYS_JoystickQuit
00106254 00000028 T SDL_CreateMutex
0010627c 0000000c T SDL_DestroyMutex
00106288 0000002c T SDL_mutexP
001062b4 0000002c T SDL_mutexV
001062e0 00000034 T SDL_CreateSemaphore
00106314 0000000c T SDL_DestroySemaphore
00106320 00000030 T SDL_SemWait
00106350 00000014 T SDL_SemPost
00106364 00000004 T ThreadEntry
00106368 000000b0 T SDL_SYS_CreateThread
00106418 00000004 T SDL_SYS_SetupThread
0010641c 00000038 T SDL_ThreadID
00106454 00000010 T SDL_SYS_WaitThread
00106464 00000008 t N3DS_Available
0010646c 00000008 t N3DS_ListModes
00106474 00000008 t N3DS_AllocHWSurface
0010647c 00000008 t N3DS_LockHWSurface
00106484 00000004 t N3DS_UnlockHWSurface
00106488 00000060 t N3DS_SetColors
001064e8 00000110 t N3DS_CreateDevice
001065f8 00000024 t N3DS_DeleteDevice
0010661c 00000048 t N3DS_VideoInit
00106664 00000168 t N3DS_FlipHWSurface.part.0
00106664 00000168 t N3DS_UpdateRects.part.0
001067cc 00000024 t N3DS_FlipHWSurface
001067f0 00000020 t N3DS_UpdateRects
00106810 00000004 t N3DS_FreeHWSurface
00106814 000000ec t N3DS_VideoQuit
00106900 000000ac T N3DS_SetScaling
001069ac 00000878 t N3DS_SetVideoMode
00107224 0000003c T N3DS_ToggleFullScreen
00107260 00000114 T drawTexture
00107378 000002dc t videoThread
00107654 000000ec t SDL_GobbleEvents
00107740 00000064 T SDL_Lock_EventThread
001077a4 00000044 T SDL_Unlock_EventThread
001077e8 00000078 T SDL_StopEventLoop
00107860 00000120 T SDL_StartEventLoop
00107980 00000210 T SDL_PeepEvents
00107b90 00000028 T SDL_PushEvent
00107bb8 00000b98 T SDL_KeyboardInit
00108750 00000004 T SDL_KeyboardQuit
00108754 0000035c T SDL_PrivateKeyboard
00108ab0 00000080 T SDL_ResetKeyboard
00108b30 0000008c T SDL_CheckKeyRepeat
00108bbc 00000078 t ClipOffset
00108c34 00000060 T SDL_MouseInit
00108c94 00000004 T SDL_MouseQuit
00108c98 00000038 T SDL_GetMouseState
00108cd0 00000044 T SDL_GetRelativeMouseState
00108d14 0000001c T SDL_SetMouseRange
00108d30 000001c4 T SDL_PrivateMouseMotion
00108ef4 00000210 T SDL_PrivateMouseButton
00109104 00000054 T SDL_ResetMouse
00109158 00000070 t SDL_HandleSIG
001091c8 00000048 T SDL_QuitInit
00109210 00000050 T SDL_QuitQuit
00109260 000000ec T SDL_PrivateResize
0010934c 0000002c T SDL_revcpy
00109378 00000044 T SDL_memcmp
001093bc 00000100 t copy_opaque_16
001094bc 00000120 t uncopy_opaque_16
001095dc 000000fc t copy_transl_565
001096d8 000000fc t copy_transl_555
001097d4 00000124 t uncopy_transl_16
001098f8 000000dc t copy_32
001099d4 00000110 t uncopy_32
00109ae4 00000008 t getpix_8
00109aec 00000008 t getpix_16
00109af4 00000018 t getpix_24
00109b0c 00000008 t getpix_32
00109b14 000023ec T SDL_RLEBlit
0010bf00 00000988 T SDL_RLEAlphaBlit
0010c888 00000244 T SDL_UnRLESurface
0010cacc 00000d80 T SDL_RLESurface
0010d84c 000001c4 t SDL_SoftBlit
0010da10 000000a8 t SDL_BlitCopyOverlap
0010dab8 00000064 t SDL_BlitCopy
0010db1c 00000338 T SDL_CalculateBlit
0010de54 00000104 t BlitBto1
0010df58 000000a8 t BlitBto2
0010e000 000000b0 t BlitBto3
0010e0b0 000000b4 t BlitBto4
0010e164 00000110 t BlitBto1Key
0010e274 000000b8 t BlitBto2Key
0010e32c 000000bc t BlitBto4Key
0010e3e8 00000274 t BlitBtoNAlpha
0010e65c 00000288 t BlitBtoNAlphaKey
0010e8e4 000000bc t BlitBto3Key
0010e9a0 0000009c T SDL_CalculateBlit0
0010ea3c 00000100 t Blit1to1
0010eb3c 00000128 t Blit1to2
0010ec64 000001b4 t Blit1to3
0010ee18 00000114 t Blit1to4
0010ef2c 00000274 t Blit1to1Key
0010f1a0 00000188 t Blit1to2Key
0010f328 0000021c t Blit1to3Key
0010f544 00000170 t Blit1to4Key
0010f6b4 000008dc t Blit1toNAlpha
0010ff90 00000c54 t Blit1toNAlphaKey
00110be4 00000088 T SDL_CalculateBlit1
00110c6c 000003a4 t Blit_RGB888_index8
00111010 000001d0 t Blit_RGB888_RGB555
001111e0 000001b8 t Blit_RGB888_RGB565
00111398 000001ac t Blit_RGB565_32
00111544 0000000c t Blit_RGB565_ARGB8888
00111550 0000000c t Blit_RGB565_ABGR8888
0011155c 0000000c t Blit_RGB565_RGBA8888
00111568 0000000c t Blit_RGB565_BGRA8888
00111574 00000208 t Blit_RGB888_index8_map
0011177c 00000b00 t BlitNto1
0011227c 000001f4 t Blit4to4MaskAlpha
00112470 00000e00 t BlitNtoN
00113270 0000022c t BlitNtoNCopyAlpha
0011349c 000010b8 t BlitNto1Key
00114554 0000017c t Blit2to2Key
001146d0 00000cc8 t BlitNtoNKey
00115398 00001130 t BlitNtoNKeyCopyAlpha
001164c8 0000029c T SDL_CalculateBlitN
00116764 000000d0 T SDL_MouseRect
00116834 00000710 T SDL_DrawCursorNoLock
00116f44 000000c0 T SDL_DrawCursor
00117004 00000188 T SDL_EraseCursorNoLock
0011718c 000000c0 T SDL_EraseCursor
0011724c 000001d0 T SDL_SetCursor
0011741c 000000a0 T SDL_FreeCursor
001174bc 00000098 T SDL_CursorQuit
00117554 000001b0 T SDL_CreateCursor
00117704 00000090 T SDL_CursorInit
00117794 000000b8 T SDL_MoveCursor
0011784c 00000034 T SDL_ResetCursor
00117880 0000018c T N3DS_PumpEvents
00117a0c 00000004 T N3DS_InitOSKeymap
00117a10 0000004c T SDL_HasMMX
00117a5c 00000018 T SDL_AppActiveInit
00117a74 00000004 T SDL_AppActiveQuit
00117a78 000004e4 t BlitNto1SurfaceAlpha
00117f5c 0000053c t BlitNto1PixelAlpha
00118498 00000c68 t BlitNto1SurfaceAlphaKey
00119100 00000380 t BlitRGBtoRGBSurfaceAlpha
00119480 00000254 t BlitRGBtoRGBPixelAlpha
001196d4 00000278 t Blit16to16SurfaceAlpha128
0011994c 000001ac t Blit565to565SurfaceAlpha
00119af8 000001ac t Blit555to555SurfaceAlpha
00119ca4 000002a0 t BlitARGBto565PixelAlpha
00119f44 00000298 t BlitARGBto555PixelAlpha
0011a1dc 00000c78 t BlitNtoNSurfaceAlpha
0011ae54 000009a8 t BlitNtoNSurfaceAlphaKey
0011b7fc 00000c0c t BlitNtoNPixelAlpha
0011c408 00000220 T SDL_CalculateAlphaBlit
0011c628 00000004 W C3Di_LightEnvUpdate
0011c62c 00000004 W C3Di_LightEnvDirty
0011c630 00000004 W C3Di_ProcTexUpdate
0011c634 00000004 W C3Di_ProcTexDirty
0011c638 000000b4 t C3Di_AptEventHook
0011c6ec 00000004 W C3Di_GasUpdate
0011c6f0 000001e0 T C3D_Init
0011c8d0 00000098 T C3D_SetViewport
0011c968 000004e8 T C3Di_UpdateContext
0011ce50 000000e0 T C3Di_SplitFrame
0011cf30 00000044 T C3D_Fini
0011cf74 00000114 T C3D_BindProgram
0011d088 0000004c t onVBlank0
0011d0d4 0000004c t onVBlank1
0011d120 00000080 t C3Di_RenderTargetDestroy
0011d1a0 000000f4 t onQueueFinish
0011d294 00000038 T C3Di_RenderQueueEnableVBlank
0011d2cc 00000030 T C3Di_RenderQueueDisableVBlank
0011d2fc 00000060 T C3Di_RenderQueueInit
0011d35c 000000b0 T C3Di_RenderQueueExit
0011d40c 00000034 T C3Di_RenderQueueWaitDone
0011d440 000000e4 T C3D_FrameBegin
0011d524 00000048 T C3D_FrameDrawOn
0011d56c 000001d8 T C3D_FrameEnd
0011d744 00000184 T C3D_RenderTargetCreate
0011d8c8 000000f0 T C3D_RenderTargetDelete
0011d9b8 000000a8 T C3D_RenderTargetSetOutput
0011da60 000000f0 T C3D_SyncDisplayTransfer
0011db50 00000294 T C3D_TexInitWithParams
0011dde4 00000044 T C3D_TexBind
0011de28 00000074 T C3D_TexDelete
0011de9c 0000016c T C3Di_SetTex
0011e008 0000001c T C3D_CalcColorBufSize
0011e024 0000001c T C3D_CalcDepthBufSize
0011e040 00000044 T C3D_SetFrameBuf
0011e084 0000016c T C3Di_FrameBufBind
0011e1f0 000000c8 T C3D_FrameBufClear
0011e2b8 00000044 T C3D_FrameBufTransfer
0011e2fc 00000034 T C3D_GetTexEnv
0011e330 00000024 T C3Di_TexEnvBind
0011e354 00000024 T BufInfo_Init
0011e378 00000020 T C3D_GetBufInfo
0011e398 00000048 T C3Di_BufInfoBind
0011e3e0 00000040 T C3D_DepthMap
0011e420 0000001c T C3D_CullFace
0011e43c 00000040 T C3D_StencilTest
0011e47c 00000024 T C3D_StencilOp
0011e4a0 0000001c T C3D_BlendingColor
0011e4bc 00000024 T C3D_EarlyDepthTest
0011e4e0 0000002c T C3D_DepthTest
0011e50c 0000002c T C3D_AlphaTest
0011e538 00000050 T C3D_AlphaBlend
0011e588 00000030 T C3D_FragOpMode
0011e5b8 00000044 T C3D_FragOpShadow
0011e5fc 000001ac T C3Di_EffectBind
0011e7a8 00000028 T AttrInfo_Init
0011e7d0 00000094 T AttrInfo_AddLoader
0011e864 00000020 T C3D_GetAttrInfo
0011e884 00000080 T C3Di_AttrInfoBind
0011e904 000000b8 T C3D_ImmDrawBegin
0011e9bc 000000a8 T C3D_ImmSendAttrib
0011ea64 00000070 T C3D_ImmDrawEnd
0011ead4 00000280 T C3D_UpdateUniforms
0011ed54 000000c0 T C3Di_DirtyUniforms
0011ee14 000000d8 T C3Di_LoadShaderUniforms
0011eeec 00000028 T C3Di_ClearShaderUniforms
0011ef14 000000cc T Mtx_OrthoTilt
0011efe0 00000024 t addrMapNodeComparator(rbtree_node const*, rbtree_node const*)
0011f004 00000004 t addrMapNodeDestructor(rbtree_node*)
0011f008 00000250 T vramMemAlignAt
0011f258 0000000c T vramAlloc
0011f264 0000000c T vramAllocAt
0011f270 00000090 T vramFree
0011f300 00000024 t addrMapNodeComparator(rbtree_node const*, rbtree_node const*)
0011f324 00000004 t addrMapNodeDestructor(rbtree_node*)
0011f328 00000120 T linearMemAlign
0011f448 00000008 T linearAlloc
0011f450 0000005c T linearFree
0011f4ac 00000080 T MemPool::CoalesceRight(MemBlock*)
0011f52c 0000016c T MemPool::Allocate(MemChunk&, unsigned long, int)
0011f698 000000fc T MemPool::Deallocate(MemChunk const&)
0011f794 00000030 T MemPool::GetFreeSpace()
0011f7c4 0000000c T __sync_init
0011f7d0 00000018 T __sync_fini
0011f7e8 0000002c T syncArbitrateAddress
0011f814 0000001c T LightLock_Init
0011f830 000000b0 T LightLock_Lock
0011f8e0 00000040 T LightLock_Unlock
0011f920 00000024 T RecursiveLock_Init
0011f944 00000030 T RecursiveLock_Lock
0011f974 00000054 T RecursiveLock_Unlock
0011f9c8 0000000c T CondVar_Init
0011f9d4 00000084 T CondVar_Wait
0011fa58 000000ac T CondVar_WakeUp
0011fb04 00000040 T LightEvent_Init
0011fb44 000000a4 T LightEvent_Clear
0011fbe8 000000c8 T LightEvent_Signal
0011fcb0 00000050 T LightEvent_TryWait
0011fd00 000000b0 T LightEvent_Wait
0011fdb0 00000014 T LightSemaphore_Init
0011fdc4 00000094 T LightSemaphore_Acquire
0011fe58 00000064 T LightSemaphore_Release
0011febc 00000074 T osConvertVirtToPhys
0011ff30 00000054 T osGetTimeRef
0011ff84 000000ec T osGetTime
00120070 00000034 T __ctru_speedup_config
001200a4 000001e8 t parseColor
0012028c 000001ac T consoleDrawChar
00120438 00000124 T consolePrintChar
0012055c 00000b94 T con_write
001210f0 000000fc t newRow
001211ec 00000168 T consoleInit
00121354 000000d0 t gfxPresentFramebuffer
00121424 00000010 T gfxSet3D
00121434 0000001c T gfxIsWide
00121450 000000ec T gfxSetScreenFormat
0012153c 00000010 T gfxSetDoubleBuffering
0012154c 000000e0 T gfxInit
0012162c 00000010 T gfxInitDefault
0012163c 000000b4 T gfxExit
001216f0 000000a0 T gfxGetFramebuffer
00121790 00000104 T gfxFlushBuffers
00121894 00000030 T gfxScreenSwapBuffers
001218c4 00000050 T gfxSwapBuffersGpu
00121914 00000178 T threadCreate
00121a8c 00000024 T threadGetHandle
00121ab0 0000002c T threadFree
00121adc 00000024 T threadJoin
00121b00 00000030 T threadGetCurrent
00121b30 00000040 T threadExit
00121b70 00000020 t _thread_begin
00121b90 000001d4 T shaderInstanceInit
00121d64 00000018 T shaderInstanceGetUniformLocation
00121d7c 0000001c T shaderProgramInit
00121d98 00000064 T shaderProgramFree
00121dfc 00000080 T shaderProgramSetVsh
00121e7c 000008e0 T shaderProgramConfigure
0012275c 000001cc t DVLE_GenerateOutmap.part.0
00122928 000001b4 T DVLB_ParseFile
00122adc 00000038 T DVLB_Free
00122b14 00000074 T DVLE_GetUniformRegister
00122b88 00000010 T GX_BindQueue
00122b98 00000078 T GX_ProcessCommandList
00122c10 00000074 T GX_MemoryFill
00122c84 00000070 T GX_DisplayTransfer
00122cf4 00000068 t gxCmdQueueDoCommands.part.0
00122d5c 000000c8 T gxCmdQueueInterrupt
00122e24 0000004c T gxCmdQueueClear
00122e70 000000f8 T gxCmdQueueAdd
00122f68 00000080 T gxCmdQueueRun
00122fe8 00000060 T gxCmdQueueStop
00123048 00000074 T gxCmdQueueWait
001230bc 0000013c T GPUCMD_Add
001231f8 000000b0 T GPUCMD_Split
001232a8 00000034 T f32tof16
001232dc 00000034 T f32tof24
00123310 00000038 T f32tof31
00123348 00000158 t ndspUpdateMaster
001234a0 00000110 t ndspFinalize
001235b0 00000250 t ndspInitialize.part.0
00123800 000000fc t ndspHookCallback
00123900 00000310 t ndspThreadMain
00123c10 000003c8 T ndspInit
00123fd8 000000cc T ndspExit
001240a4 00000010 T ndspSetCallback
001240b4 000000e4 T ndspChnReset
00124198 00000018 T ndspChnSetFormat
001241b0 00000048 T ndspChnSetInterp
001241f8 0000005c T ndspChnSetRate
00124254 00000088 T ndspChnSetMix
001242dc 000000bc T ndspChnWaveBufAdd
00124398 00000040 T ndspiInitChn
001243d8 0000002c T ndspiDirtyChn
00124404 00000444 T ndspiUpdateChn
00124848 00000184 T ndspiReadChnState
001249cc 00000164 T irrstInit
00124b30 000000cc T irrstExit
00124bfc 000000b4 T irrstScanInput
00124cb0 00000024 T irrstKeysHeld
00124cd4 00000018 T irrstCstickRead
00124cec 000000a4 T cfguInit
00124d90 0000003c T cfguExit
00124dcc 0000004c T CFGU_GetConfigInfoBlk2
00124e18 000000a4 t DSP_LoadComponent.part.0
00124ebc 000000dc T dspInit
00124f98 00000080 T dspExit
00125018 00000024 T dspHook
0012503c 00000030 T dspUnhook
0012506c 000000b0 T aptDspSleep
0012511c 000000b8 T aptDspWakeup
001251d4 00000044 T aptDspCancel
00125218 00000050 T DSP_FlushDataCache
00125268 00000034 T DSP_SetSemaphore
0012529c 00000034 T DSP_SetSemaphoreMask
001252d0 00000038 T DSP_GetSemaphoreHandle
00125308 0000003c T DSP_LoadComponent
00125344 00000044 T DSP_RegisterInterruptEvents
00125388 00000074 T DSP_ReadPipeIfPossible
001253fc 0000004c T DSP_WriteProcessPipe
00125448 00000040 T DSP_ConvertProcessAddressFromDspDram
00125488 00000040 T DSP_RecvData
001254c8 0000004c T DSP_RecvDataIsReady
00125514 00000c58 t gspHardwareInit
0012616c 00000248 T gspInit
001263b4 000000f0 T gspExit
001264a4 00000010 T gspHasGpuRight
001264b4 000000a0 T gspPresentBuffer
00126554 00000030 T gspSetEventCallback
00126584 00000044 T gspWaitForEvent
001265c8 0000004c T gspWaitForAnyEvent
00126614 00000158 t gspEventThreadMain
0012676c 00000130 T gspSubmitGxCommand
0012689c 00000050 T GSPGPU_FlushDataCache
001268ec 00000034 T GSPGPU_SetLcdForceBlack
00126920 00000068 T GSPGPU_AcquireRight
00126988 00000048 T GSPGPU_ReleaseRight
001269d0 0000007c T GSPGPU_ImportDisplayCaptureInfo
00126a4c 0000002c T GSPGPU_SaveVramSysArea
00126a78 0000002c T GSPGPU_RestoreVramSysArea
00126aa4 000001a4 t aptConvertScreenForCapture
00126c48 00000158 T aptSendCommand
00126da0 00000044 t aptExitProcess
00126de4 00000014 T aptIsActive
00126df8 000002f4 T aptExit
001270ec 000000e0 T aptHandleSleep
001271cc 00000030 T aptHook
001271fc 00000030 T aptUnhook
0012722c 00000084 T APT_SleepIfShellClosed
001272b0 00000084 T aptSetSleepAllowed
00127334 00000084 T APT_UnlockTransition
001273b8 000004a4 t aptEventHandler
0012785c 000000b0 T APT_ReceiveParameter
0012790c 000000b0 t aptReceiveParameter.constprop.0
001279c0 000002ac t aptScreenTransfer
00127c6c 00000344 t aptWaitForWakeUp.isra.0
00127fb0 00000100 T aptJumpToHomeMenu
001280b0 00000048 T aptMainLoop
001280f8 0000022c T aptInit
00128324 0000007c T APT_CheckNew3DS
001283a0 00000024 W hidShouldUseIrrst
001283c4 0000018c T hidInit
00128550 000000e8 T hidExit
00128638 000002a4 T hidScanInput
001288dc 00000010 T hidKeysHeld
001288ec 00000010 T hidKeysDown
001288fc 00000010 T hidKeysUp
0012890c 00000018 T hidTouchRead
00128924 00000018 T hidCircleRead
0012893c 00000074 T ptmSysmInit
001289b0 0000003c T ptmSysmExit
001289ec 00000034 T PTMSYSM_ConfigureNew3DSCPU
00128a20 000000cc T fsInit
00128aec 0000003c T fsExit
00128b28 00000060 T fsExemptFromSession
00128b88 00000050 T fsUnexemptFromSession
00128bd8 000000cc T FSUSER_OpenFile
00128ca4 000000d4 T FSUSER_OpenFileDirectly
00128d78 000000bc T FSUSER_DeleteFile
00128e34 000000f8 T FSUSER_RenameFile
00128f2c 000000bc T FSUSER_DeleteDirectory
00128fe8 000000d4 T FSUSER_CreateFile
001290bc 000000c4 T FSUSER_CreateDirectory
00129180 000000f8 T FSUSER_RenameDirectory
00129278 000000b4 T FSUSER_OpenDirectory
0012932c 00000098 T FSUSER_OpenArchive
001293c4 0000008c T FSUSER_CloseArchive
00129450 00000074 T FSUSER_GetSdmcArchiveResource
001294c4 00000064 T FSUSER_IsSdmcWritable
00129528 00000058 T FSFILE_Read
00129580 00000060 T FSFILE_Write
001295e0 0000003c T FSFILE_GetSize
0012961c 00000028 T FSFILE_SetSize
00129644 0000003c T FSFILE_Close
00129680 00000024 T FSFILE_Flush
001296a4 00000050 T FSDIR_Read
001296f4 0000003c T FSDIR_Close
00129730 00000010 T rbtree_init
00129740 000001b4 t do_insert
001298f4 00000008 T rbtree_insert
001298fc 00000090 T rbtree_rotate
0012998c 00000318 T rbtree_remove
00129ca4 00000074 T rbtree_find
00129d18 00000030 T __syscall_getreent
00129d48 00000074 T __syscall_gettod_r
00129dbc 00000004 T __syscall_lock_acquire
00129dc0 00000004 T __syscall_lock_release
00129dc4 00000004 T __syscall_lock_init_recursive
00129dc8 00000004 T __syscall_lock_acquire_recursive
00129dcc 00000004 T __syscall_lock_release_recursive
00129dd0 00000004 T __syscall_exit
00129dd4 00000050 T initThreadVars
00129e24 00000068 T __system_initSyscalls
00129e90 000001e0 W __system_allocateHeaps
0012a070 00000038 W __libctru_init
0012a0a8 00000170 W __system_initArgv
0012a218 T svcControlMemory
0012a238 T svcQueryMemory
0012a268 T svcExitProcess
0012a270 T svcCreateThread
0012a290 T svcExitThread
0012a298 T svcSleepThread
0012a2a0 T svcGetThreadPriority
0012a2b4 T svcReleaseMutex
0012a2bc T svcCreateEvent
0012a2d0 T svcSignalEvent
0012a2d8 T svcClearEvent
0012a2e0 T svcMapMemoryBlock
0012a2e8 T svcUnmapMemoryBlock
0012a2f0 T svcCreateAddressArbiter
0012a304 T svcArbitrateAddressNoTimeout
0012a30c T svcCloseHandle
0012a314 T svcWaitSynchronization
0012a31c T svcWaitSynchronizationN
0012a344 T svcDuplicateHandle
0012a358 T svcGetSystemTick
0012a360 T svcConnectToPort
0012a374 T svcSendSyncRequest
0012a37c T svcGetThreadId
0012a390 T svcGetResourceLimit
0012a3a4 T svcGetResourceLimitLimitValues
0012a3ac T svcGetResourceLimitCurrentValues
0012a3b4 T svcBreak
0012a3bc W initSystem
0012a40c W __ctru_exit
0012a424 00000084 W envGetHandle
0012a4a8 00000050 W envDestroyHandles
0012a4f8 00000130 T srvInit
0012a628 00000058 T srvExit
0012a680 000000a0 T srvGetServiceHandleDirect
0012a720 00000038 T srvGetServiceHandle
0012a758 00000038 T srvPublishToSubscriber
0012a790 000000b4 t mappableFindAddressWithin
0012a844 00000028 T mappableInit
0012a86c 00000080 T mappableAlloc
0012a8ec 00000004 T mappableFree
0012a8f0 0000000c T srvPmGetSessionHandle
0012a8fc 0000005c T rbtree_node_next
0012a958 00000030 W __appInit
0012a988 00000030 W __appExit
0012a9b8 00000090 W __libctru_exit
0012aa48 00000014 t archive_link
0012aa5c 00000014 t archive_dirreset
0012aa70 00000014 t archive_chmod
0012aa84 00000024 t error_cmp
0012aaa8 00000050 t archive_translate_error
0012aaf8 000000c8 t archive_seek
0012abc0 0000007c t _archiveInit.part.0
0012ac3c 000000c4 t archiveFindDevice.part.0
0012ad00 0000025c t archive_utf16path
0012af5c 000000a0 t _archiveUnmountDeviceStruct.part.0
0012affc 00000014 t archive_fchmod
0012b010 00000014 t archive_statvfs
0012b024 00000164 t _archiveMountDevice
0012b188 000000e8 t archive_diropen
0012b270 000000a4 t archive_fstat
0012b314 0000006c t archive_close
0012b380 0000006c t archive_fsync
0012b3ec 00000070 t archive_dirclose
0012b45c 000000e8 t sdmc_statvfs
0012b544 000000ec t archive_chdir
0012b630 0000007c t archive_ftruncate
0012b6ac 000000ac t archive_read
0012b758 000000a4 t archive_unlink
0012b7fc 000000bc t archive_rmdir
0012b8b8 000000dc t archive_mkdir
0012b994 0000019c t archive_stat
0012bb30 0000015c t archive_dirnext
0012bc8c 000000ec t archive_write
0012bd78 000001d4 t archive_open
0012bf4c 00000278 t archive_rename
0012c1c4 0000019c T archiveMountSdmc
0012c360 00000054 T archiveUnmountAll
0012c3b4 000000e8 T utf16_to_utf8
0012c49c 00000064 T decode_utf16
0012c500 0000013c T decode_utf8
0012c63c 000000c0 T utf8_to_utf16
0012c6fc T __aeabi_read_tp
0012c708 00000054 T encode_utf16
0012c75c 000000e0 T encode_utf8
0012c83c 00000120 T __udivmoddi4
0012c95c 0000005c T __assert_func
0012c9b8 0000000c T atoi
0012c9c4 00000078 T bsearch
0012ca3c 00000020 T calloc
0012ca5c 000000c0 T _calloc_r
0012cb1c 0000000c T __errno
0012cb28 00000034 T exit
0012cb5c 00000234 T __sflush_r
0012cd90 00000094 T _fflush_r
0012ce24 0000000c T _cleanup_r
0012ce30 00000184 T __sinit
0012cfb4 0000000c T __sfp_lock_acquire
0012cfc0 0000000c T __sfp_lock_release
0012cfcc 0000003c T __libc_fini_array
0012d008 0000003c T fiprintf
0012d044 000000f8 T _malloc_trim_r
0012d13c 000002e8 T _free_r
0012d424 00000070 T _fwalk_reent
0012d494 00000024 T getenv
0012d4b8 000000c8 T _findenv_r
0012d580 00000084 T __libc_init_array
0012d604 00000020 T memalign
0012d624 0000014c T _memalign_r
0012d770 00000018 T malloc
0012d788 00000018 T free
0012d7a0 000007e4 T _malloc_r
0012df84 000000e4 T memchr
0012e068 00000118 T memcpy
0012e180 00000150 T memmove
0012e2d0 000000f4 T memset
0012e3c4 0000000c T __malloc_lock
0012e3d0 0000000c T __malloc_unlock
0012e3dc 00000034 T printf
0012e410 0000001c T srand
0012e42c 00000044 T rand
0012e470 00000020 T realloc
0012e490 000004a0 T _realloc_r
0012e930 0000025c T setvbuf
0012eb8c 00000090 T _raise_r
0012ec1c 00000018 T raise
0012ec34 00000078 T signal
0012ecac 00000074 T sscanf
0012ed20 00000044 T __sread
0012ed64 00000008 T __seofread
0012ed6c 00000068 T __swrite
0012edd4 00000044 T __sseek
0012ee18 00000008 T __sclose
0012ee20 00000064 T strcasecmp
0012ee84 00000048 T strlcpy
0012eecc 0000005c T strlen
0012ef28 000000e4 T strncat
0012f00c 000000e4 T strncmp
0012f0f0 000000c4 T strncpy
0012f1b4 00000048 T strnlen
0012f1fc 000001a4 t _strtol_l.part.0
0012f3a0 0000003c T _strtol_r
0012f3dc 00000058 T strtol
0012f434 000001c4 t _strtoul_l.constprop.0
0012f5f8 00000004 T _strtoul_r
0012f5fc 00000028 T strtoul
0012f624 0000066c t get_arg
0012fc90 00003334 T _svfprintf_r
00132fc4 00000050 t get_arg
00133014 00002c38 T __ssvfscanf_r
00135c4c 0000003c T time
00135c88 0000066c t get_arg
001362f4 00000030 T __sprint_r
00136324 000022ec T _vfiprintf_r
00138610 000000d0 t __sbprintf
001386e0 0000066c t get_arg
00138d50 0000339c T _vfprintf_r
0013c0ec 000000d0 t __sbprintf
0013c1bc 00000054 T _wcrtomb_r
0013c210 00000028 T _wcsrtombs_r
0013c238 0000013c T __swsetup_r
0013c374 00000014 T abort
0013c388 00000114 T __call_exitprocs
0013c49c 000001b0 t quorem
0013c650 000011f8 T _dtoa_r
0013d848 0000000c T __env_lock
0013d854 0000000c T __env_unlock
0013d860 0000015c T _fclose_r
0013d9bc 000004b4 T __sfvwrite_r
0013de70 00000008 T iswspace
0013de78 0000000c T _localeconv_r
0013de84 00000010 T __locale_mb_cur_max
0013de94 00000138 T __smakebuf_r
0013dfcc 0000008c T __swhatbuf_r
0013e058 00000068 T _mbrtowc_r
0013e0c0 000002f8 T __utf8_mbtowc
0013e3b8 00000088 T _Balloc
0013e440 0000001c T _Bfree
0013e45c 000000f4 T __multadd
0013e550 00000110 T __s2b
0013e660 00000060 T __hi0bits
0013e6c0 0000009c T __lo0bits
0013e75c 000000a8 T __i2b
0013e804 00000204 T __multiply
0013ea08 00000124 T __pow5mult
0013eb2c 00000140 T __lshift
0013ec6c 00000058 T __mcmp
0013ecc4 000001ec T __mdiff
0013eeb0 00000068 T __ulp
0013ef18 000000d0 T __b2d
0013efe8 00000120 T __d2b
0013f108 00000078 T __ratio
0013f180 00000088 T __copybits
0013f208 0000005c T __any_on
0013f264 000000f4 T __sccl
0013f358 0000000c T nanf
0013f368 00000088 T frexp
0013f3f0 00000064 T sprintf
0013f454 000000cc T stpncpy
0013f520 00000130 T strchr
0013f650 00000064 t sulp
0013f6b8 000013a8 T _strtod_l
00140a60 0000000c T _strtod_r
00140a6c 0000022c t _strtoll_l.constprop.0
00140c98 00000004 T _strtoll_r
00140c9c 00000244 t _strtoull_l.constprop.0
00140ee0 00000004 T _strtoull_r
00140ee4 00000188 T __ssprint_r
0014106c 000000d4 T _sungetc_r
00141140 0000006c T __ssrefill_r
001411ac 000000c4 T _sfread_r
00141270 000000a8 T __submore
00141318 00000188 T _wcsnrtombs_l
001414a0 0000004c T _wcsnrtombs_r
001414ec 000000f0 T __utf8_wctomb
001415dc 000000f0 t rshift
001416cc 00000814 T __gethex
00141ee0 0000004c T __match
00141f2c 0000029c T __hexnan
001421c8 0000003c T iswspace_l
00142204 000001d8 t __jp2uc
001423dc 0000009c T _jp2uc_l
00142478 00000010 T nan
00142488 0000008c T category
00142514 00000008 t null_write
0014251c 00000018 T setDefaultDevice
00142534 000000c8 T FindDevice
001425fc 00000028 T RemoveDevice
00142624 0000009c T AddDevice
001426c0 00000020 T GetDeviceOpTab
001426e0 00000078 T _fstat_r
00142758 00000014 T _getpid_r
0014276c 00000030 T _gettimeofday_r
0014279c 00000008 T _isatty_r
001427a4 00000014 T _kill_r
001427b8 00000084 T _lseek_r
0014283c 00000080 T _read_r
001428bc 00000078 T _sbrk_r
00142934 00000080 T _write_r
001429b4 00000020 T _exit
001429d4 000001a4 T _concatenate_path
00142b78 00000140 T chdir
00142cb8 00000008 T __flockfile
00142cc0 00000008 T __funlockfile
00142cc8 0000003c T __get_handle
00142d04 000000f4 T _close_r
00142df8 0000002c T __getreent
00142e24 0000001c T __libc_lock_acquire
00142e40 0000001c T __libc_lock_release
00142e5c 0000001c T __libc_lock_init_recursive
00142e78 0000001c T __libc_lock_acquire_recursive
00142e94 0000001c T __libc_lock_release_recursive
00142eb0 0000001c T __libc_lock_close_recursive
00142ecc 00000038 T __aeabi_d2lz
00142ecc 00000038 T __fixdfdi
00142f08 00000040 T __aeabi_d2ulz
00142f08 00000040 T __fixunsdfdi
00142f48 00000048 T strrchr
00142f90 T _fini
00143000 00000009 r __func__.7
0014300c 00000009 r __func__.6
00143018 00000009 r __func__.5
00143024 00000013 r __func__.4
00143038 0000000a r __func__.3
00143044 0000000d r __func__.2
00143054 0000000a r __func__.1
00143060 00000005 r __func__.0
0014320c 00000014 r SDL_fatal_signals
0014323c 00000048 r format_list
00143628 00000010 r clearcolors
00143638 00000010 r displayTranferFlags
00143648 00000010 r textureTranferFlags
001436f0 r .LC2
00143d98 00000010 r getpixes
00143dc8 00000014 r bitmap_blit
00143ddc 00000014 r colorkey_blit
00143df0 00000014 r one_blit
00143e04 00000014 r one_blitkey
00143e18 00000800 r RGB565_ABGR8888_LUT
00144618 00000800 r RGB565_ARGB8888_LUT
00144e18 00000800 r RGB565_BGRA8888_LUT
00145618 00000800 r RGB565_RGBA8888_LUT
00145e18 00000010 r normal_blit
00145e28 0000002c r normal_blit_1
00145e54 000000dc r normal_blit_2
00145f30 0000002c r normal_blit_3
00145f5c 00000084 r normal_blit_4
0014600c R vshader_shbin
00146130 R vshader_shbin_end
00146130 R vshader_shbin_size
00146134 00000038 r CSWTCH.19
0014616c 00000005 r colorFmtSizes
00146174 00000004 r depthFmtSizes
001461f0 00000070 r dotab_stdout
00146260 00000018 r grayScale
00146278 00000006 r colorCube
00146280 00000030 r colorTable
001462b8 00000011 r dsp_filename.0
0014631c 00000008 r morton_y.2
00146324 00000008 r morton_x.3
0014632c 00000008 r s_sleepWakeEvents.4
0014636c R default_font_bin
00146b6c R default_font_bin_end
00146b84 00000030 r error_table
00146bbc 00000070 r archive_devoptab
00146c6c 00000101 R _ctype_
00146d70 00000004 R _global_impure_ptr
00146db0 00000010 r zeroes.0
00146dc0 00000010 r blanks.1
00146dd8 00000022 r basefix.0
00146dfc 00000010 r zeroes.0
00146e0c 00000010 r blanks.1
00146e1c 00000010 r zeroes.0
00146e2c 00000010 r blanks.1
00146f38 0000000c r p05.0
00146f48 00000028 R __mprec_bigtens
00146f70 000000c8 R __mprec_tens
00147048 00000014 r fpinan.0
0014705c 00000014 r fpi.1
00147070 00000028 r tinytens
00147098 0000006c R __action_table
00147104 0000006c R __state_table
00147170 00000100 R __chclass
001472c0 00000100 R __hexdig
001473d4 00001a7c r d02f4
00148e50 0000172a r b02cf
0014a57c 00000040 r a8
0014a5bc 000000a2 r a7
0014a660 00000070 r a6
0014a6d0 0000005b r a3
0014a72c 000000bc r a2
0014a7e8 000000bc r a1
0014a8a4 00003528 r categories
0014ddcc 00000070 R dotab_stdnull
0014de3c R __tdata_align
0014de40 r 
0014de40 R __exidx_end
0014de40 R __exidx_start
0014e000 00000020 d SDL_closest_depths
0014e020 00000010 D N3DSAUD_bootstrap
0014e030 00000010 D N3DS_bootstrap
0014e040 00000004 D SDL_cursorstate
0014e044 00000020 d default_cdata
0014e064 00000020 d default_cmask
0014e084 00000004 d palette_changed
0014e088 00000004 d SDL_CPUFeatures
0014e08c 00000004 d framerate
0014e090 00000008 d framerateCounter
0014e098 00000001 d firstConsoleInit.0
0014e09c 00000004 D currentConsole
0014e0a0 00000048 D defaultConsole
0014e0e8 00000004 d queueLock
0014e0ec 00000004 d kCount
0014e0f0 00000004 d kInterval
0014e0f4 00000004 d kDelay
0014e0f8 W __stacksize__
0014e0fc 00000004 D _impure_ptr
0014e100 00000460 d impure_data
0014e560 00000004 D __malloc_sbrk_base
0014e564 00000004 D __malloc_trim_threshold
0014e568 00000408 D __malloc_av_
0014e970 00000004 D environ
0014e974 0000016c D __global_locale
0014eae0 0000008c D devoptab_list
0014eb6c 00000004 d defaultDevice
0014eb70 00000400 d _current_working_directory
0014ef70 00001000 d handles
0014ff70 0000000c d __stderr_handle
0014ff7c 0000000c d __stdout_handle
0014ff88 0000000c d __stdin_handle
0014ff9c d _GLOBAL_OFFSET_TABLE_
0014ffa8 d __frame_dummy_init_array_entry
0014ffa8 D __init_array_start
0014ffa8 B __preinit_array_end
0014ffa8 B __preinit_array_start
0014ffa8 D __tdata_lma
0014ffa8 D __tdata_lma_end
0014ffac d __do_global_dtors_aux_fini_array_entry
0014ffac D __fini_array_start
0014ffac D __init_array_end
0014ffb0 D __bss_start__
0014ffb0 D __fini_array_end
0014ffb0 00000004 B statedraw
0014ffb4 00000004 B t4
0014ffb8 b completed.1
0014ffbc b object.0
0014ffd4 00000004 b SDL_initialized
0014ffd8 00000004 b ticks_started
0014ffdc 00000004 B current_audio
0014ffe0 00000004 b format_idx
0014ffe4 00000004 b format_idx_sub
0014ffe8 00000004 b SDL_Threads
0014fff0 00000308 b SDL_global_error
001502f8 00000004 b SDL_maxthreads
001502fc 00000004 b SDL_numthreads
00150300 00000004 b thread_lock
00150304 00000004 B SDL_alarm_callback
00150308 00000004 B SDL_alarm_interval
0015030c 00000004 b SDL_timer_mutex
00150310 00000004 B SDL_timer_running
00150314 00000004 B SDL_timer_started
00150318 00000004 b SDL_timer_threaded
0015031c 00000004 b SDL_timers
00150320 00000001 b list_changed
00150324 00000004 b format_version.0
00150328 00000004 B current_video
0015032c 00000004 B SDL_allocatedjoysticks
00150330 00000004 B SDL_joysticks
00150334 00000001 B SDL_numjoysticks
00150338 00000008 b g_startTicks
00150340 00000004 b g_audDev
00150344 00000008 b g_dspHook
0015034c 00000004 B key_press
00150350 00000004 B key_release
00150354 00000004 B old_cs_x
00150358 00000004 B old_cs_y
0015035c 00000004 B old_dpad_state
00150360 00000004 B old_x
00150364 00000004 B old_y
00150368 00000004 b RenderClearColor
0015036c 00000004 B VideoSurface1
00150370 00000004 B VideoSurface2
00150374 00000008 B privateVideoThreadEvent
0015037c 00000004 B privateVideoThreadHandle
00150380 00000014 b program
00150394 00000040 b projection
001503d4 00000040 b projection2
00150414 00000001 B runThread
00150418 00000004 B setVideoModecount
0015041c 00000018 b spritesheet_tex
00150434 00000004 b uLoc_projection
00150438 00000004 b vshader_dvlb
0015043c 00000008 b SDL_EventLock
00150444 00000004 B SDL_EventOK
00150448 00000c14 b SDL_EventQ
0015105c 00000004 b SDL_EventThread
00151060 00000020 B SDL_ProcessEvents
00151080 00000004 b SDL_eventstate
00151084 00000004 b event_thread
00151088 00000020 B SDL_KeyRepeat
001510a8 00000143 b SDL_KeyState
001511ec 00000002 b SDL_ModState
001511ee 00000001 b SDL_NoLockKeys
001511f0 00000004 B SDL_TranslateUNICODE
001511f4 0000050c b keynames
00151700 00000001 b SDL_ButtonState
00151702 00000002 b SDL_DeltaX
00151704 00000002 b SDL_DeltaY
00151706 00000002 b SDL_MouseMaxX
00151708 00000002 b SDL_MouseMaxY
0015170a 00000002 b SDL_MouseX
0015170c 00000002 b SDL_MouseY
00151710 00000008 b last_resize
00151718 00000004 B SDL_cursor
0015171c 00000004 B SDL_cursorlock
00151720 00000004 b SDL_defcursor
00151724 00000002 b pixels8
00151726 00000001 b pushedQuit.0
00151727 00000001 b SDL_appstate
00151728 000002d0 B __C3D_Context
001519f8 0000000c b hookCookie
00151a08 00000010 b cpuTime
00151a18 00000004 b firstTarget
00151a1c 00000008 b frameCounter
00151a24 00000004 b frameEndCb
00151a28 00000004 b frameEndCbData
00151a30 00000010 b gpuTime
00151a40 00000001 b inFrame
00151a41 00000001 b inSafeTransfer
00151a42 00000001 b isTopStereo
00151a44 00000004 b lastTarget
00151a48 0000000c b linkedTarget
00151a54 00000001 b measureGpuTime
00151a55 00000001 b needSwapBot
00151a56 00000001 b needSwapTop
00151a58 00000004 B C3D_BoolUnifs
00151a5c 00000002 B C3D_BoolUnifsDirty
00151a60 00000c00 B C3D_FVUnif
00152660 000000c0 B C3D_FVUnifDirty
00152720 00000020 B C3D_IVUnif
00152740 00000008 B C3D_IVUnifDirty
00152748 000000c0 b C3Di_FVUnifEverDirty
00152808 00000008 b C3Di_IVUnifEverDirty
00152810 00000018 b C3Di_ShaderFVecData
00152828 00000008 b sVramPoolB
00152830 00000008 b sVramPoolA
00152838 0000000c b sAddrMap
00152848 00000008 b sLinearPool
00152850 0000000c b sAddrMap
0015285c 00000004 b arbiter
00152860 00000001 V __ctru_speedup
00152864 00000048 B currentCopy
001528ac 00000004 b screenAlloc
001528b0 00000004 b screenFree
001528b4 00000002 b gfxIsDoubleBuf
001528b8 00000002 b gfxCurBuf
001528ba 00000001 b gfxIsVram
001528bb 00000001 b gfxTopMode
001528bc 00000002 b gfxFramebufferFormats
001528c0 00000004 b gfxBottomFramebufferMaxSize
001528c4 00000004 b gfxTopFramebufferMaxSize
001528c8 00000008 b gfxBottomFramebuffers
001528d0 00000008 b gfxTopFramebuffers
001528d8 00000004 b boundQueue
001528dc 00000001 b shouldStop
001528dd 00000001 b isRunning
001528de 00000001 b isActive
001528e0 00000004 b curQueue
001528e4 00000004 B gpuCmdBufOffset
001528e8 00000004 B gpuCmdBufSize
001528ec 00000004 B gpuCmdBuf
001528f0 00000004 b ndspRefCount
001528f4 00000048 b ndspMaster
0015293c 00000004 b ndspThread
00152940 00000001 b ndspThreadRun
00152944 00001080 b dspVar5Backup
001539c4 00000004 b ndspMutex
001539c8 00000008 b sleepEvent
001539d0 00000004 b dspSem
001539d4 00000004 b irqEvent
001539d8 00000008 b ndspHookCookie
001539e0 00000001 b componentFree
001539e2 00000002 b componentDataMask
001539e4 00000002 b componentProgMask
001539e8 00000004 b componentSize
001539ec 00000004 b componentBin
001539f0 00000004 b frameCount
001539f4 00000004 b droppedFrames
001539f8 00000001 b bCancelReceived
001539f9 00000001 b bSleeping
001539fa 00000001 b bEnteringSleep
001539fb 00000001 b bDspReady
001539fc 00000080 B ndspVars
00153a7c 00000002 B ndspBufferId
00153a7e 00000002 B ndspBufferCurId
00153a80 00000002 B ndspFrameId
00153a84 00000c60 b ndspChn
001546e4 00000004 b irrstRefCount
001546e8 00000004 b csPos
001546ec 00000004 b kHeld
001546f0 00000004 B irrstSharedMem
001546f4 00000004 B irrstEvent
001546f8 00000004 B irrstMemHandle
001546fc 00000004 B irrstHandle
00154700 00000004 b cfguRefCount
00154704 00000004 b cfguHandle
00154708 00000002 b dspSavedCompDataMask
0015470a 00000002 b dspSavedCompProgMask
0015470c 00000004 b dspSavedCompSize
00154710 00000004 b dspSavedCompBin
00154714 00000001 b dspSleeping
00154715 00000001 b dspComponentLoaded
00154718 00000008 b dspFirstHook
00154720 00000004 b dspRefCount
00154724 00000004 b dspHandle
00154728 00000007 b gspEventCbOneShot
00154730 0000001c b gspEventCbData
0015474c 0000001c b gspEventCb
00154768 00000038 b gspEvents
001547a0 00000004 b gspLastEvent
001547a4 00000001 b gspRunEvents
001547a8 00000004 b gspEventThread
001547ac 00000004 b gspEvent
001547b0 00000001 b gspGpuRight
001547b1 00000001 b gspThreadId
001547b4 00000004 b gspSharedMem
001547b8 00000004 b gspSharedMemHandle
001547bc 00000004 b gspRefCount
001547c0 00000004 b gspGpuHandle
001547c4 00000001 b flagValue.0
001547c5 00000001 b flagInit.1
001547c8 00000004 b serviceName.6
001547cc 00000001 b aptChainloadMediatype
001547d0 00000008 b aptChainloadTid
001547d8 00000001 b aptChainloadFlags
001547dc 00001000 b aptParameters
001557dc 00000004 b aptFlags
001557e0 00000001 b aptHomeButtonState
001557e4 00000004 b aptMessageFuncData
001557e8 00000004 b aptMessageFunc
001557ec 0000000c b aptFirstHook
001557f8 00000001 b aptEventHandlerThreadQuit
001557fc 00000004 b aptEventHandlerThread
00155800 00000008 b aptSleepEvent
00155808 00000008 b aptReceiveEvent
00155810 00000008 b aptEvents
00155818 00000004 b aptLockHandle
0015581c 00000004 b aptRefCount
00155820 00000001 b usingIrrst
00155824 00000004 b hidRefCount
00155828 00000006 b gRate
00155830 00000006 b aVec
00155838 00000004 b cPos
0015583c 00000004 b tPos
00155840 00000004 b kRepeat
00155844 00000004 b kUp
00155848 00000004 b kDown
0015584c 00000004 b kHeld
00155850 00000004 b kOld
00155854 00000004 B hidSharedMem
00155858 00000014 B hidEvents
0015586c 00000004 B hidMemHandle
00155870 00000004 B hidHandle
00155874 00000004 b ptmSysmRefCount
00155878 00000004 b ptmSysmHandle
00155880 00000080 b fsExemptArchives
00155900 00000004 b fsuRefCount
00155904 00000004 b fsuHandle
00155908 00000004 V __ctru_linear_heap_size
0015590c 00000004 V __ctru_heap_size
00155910 00000004 B __ctru_linear_heap
00155914 00000004 B __ctru_heap
00155918 00000004 B __system_retAddr
0015591c 00000004 B __system_argv
00155920 00000004 B __system_argc
00155924 b saved_stack
0015592c 00000004 B __3dslink_host
00155930 00000004 b srvRefCount
00155934 00000004 b srvHandle
00155938 00000004 b currentAddr
0015593c 00000004 b maxAddr
00155940 00000004 b minAddr
00155944 00000004 b srvPmHandle
00155948 00000540 b archive_devices
00155e88 00000004 b archive_device_cwd
00155e8c 00000001 b archive_initialized
00155e90 0000000c b __sinit_recursive_mutex
00155e9c 0000000c b __sfp_recursive_mutex
00155ea8 00000028 B __malloc_current_mallinfo
00155ed0 00000004 B __malloc_max_total_mem
00155ed4 00000004 B __malloc_max_sbrked_mem
00155ed8 00000004 B __malloc_top_pad
00155edc 0000000c b __malloc_recursive_mutex
00155ee8 0000000c B __atexit_recursive_mutex
00155ef4 00000004 b initial_env
00155ef8 0000000c b __env_recursive_mutex
00155f04 00000004 b heap_start.0
00155f08 00000004 B fake_heap_start
00155f0c 00000004 B fake_heap_end
00155f10 00000400 b temp_cwd
00156310 00000004 b __hndl_lock
00156314 B __tls_start
00156f1c B __bss_end__
00156f1c A __end__
00156f1c B __tls_end
